\BOOKMARK [0][-]{chapter.1}{Abstract and IEEE Design Competition Rules}{}% 1
\BOOKMARK [0][-]{chapter.2}{Amplifier Classes}{}% 2
\BOOKMARK [1][-]{section.2.1}{Efficiency of Amplifiers}{chapter.2}% 3
\BOOKMARK [1][-]{section.2.2}{Current Source Amplifiers}{chapter.2}% 4
\BOOKMARK [2][-]{subsection.2.2.1}{Class A Amplifier}{section.2.2}% 5
\BOOKMARK [2][-]{subsection.2.2.2}{Class B Amplifier}{section.2.2}% 6
\BOOKMARK [2][-]{subsection.2.2.3}{Class AB Amplifier}{section.2.2}% 7
\BOOKMARK [2][-]{subsection.2.2.4}{Class C Amplifier}{section.2.2}% 8
\BOOKMARK [2][-]{subsection.2.2.5}{Harmonic Distortion}{section.2.2}% 9
\BOOKMARK [1][-]{section.2.3}{Switching Amplifiers}{chapter.2}% 10
\BOOKMARK [2][-]{subsection.2.3.1}{Class D Amplifier}{section.2.3}% 11
\BOOKMARK [2][-]{subsection.2.3.2}{Class E Amplifier}{section.2.3}% 12
\BOOKMARK [2][-]{subsection.2.3.3}{Class F Amplifier}{section.2.3}% 13
\BOOKMARK [0][-]{chapter.3}{Class F Detailed Description }{}% 14
\BOOKMARK [1][-]{section.3.1}{Fourier Analysis}{chapter.3}% 15
\BOOKMARK [1][-]{section.3.2}{Practical Implementation}{chapter.3}% 16
\BOOKMARK [1][-]{section.3.3}{Matching Networks}{chapter.3}% 17
\BOOKMARK [0][-]{chapter.4}{Class F Amplifier ADS Simulations, Comparisons to Specs}{}% 18
\BOOKMARK [1][-]{section.4.1}{DC Bias Point}{chapter.4}% 19
\BOOKMARK [1][-]{section.4.2}{Fundamental Load and Source Pull}{chapter.4}% 20
\BOOKMARK [1][-]{section.4.3}{Harmonic Load and Source Pulls}{chapter.4}% 21
\BOOKMARK [1][-]{section.4.4}{Harmonic Matching Network}{chapter.4}% 22
\BOOKMARK [1][-]{section.4.5}{Simulated Amplifier}{chapter.4}% 23
\BOOKMARK [0][-]{chapter.5}{Class F Amplifier Fabrication and Test Results, Comparisons to Specs}{}% 24
\BOOKMARK [0][-]{chapter.6}{Conclusion, Future Projects}{}% 25
\BOOKMARK [0][-]{chapter*.1}{Bibliography}{}% 26
